[debug] [2021-10-28T09:34:17.194Z] ----------------------------------------------------------------------
[debug] [2021-10-28T09:34:17.196Z] Command:       C:\Program Files\nodejs\node.exe C:\Users\ASUS\AppData\Roaming\npm\node_modules\firebase-tools\lib\bin\firebase.js init
[debug] [2021-10-28T09:34:17.196Z] CLI Version:   9.21.0
[debug] [2021-10-28T09:34:17.197Z] Platform:      win32
[debug] [2021-10-28T09:34:17.197Z] Node Version:  v16.1.0
[debug] [2021-10-28T09:34:17.197Z] Time:          Thu Oct 28 2021 15:34:17 GMT+0600 (Bangladesh Standard Time)
[debug] [2021-10-28T09:34:17.198Z] ----------------------------------------------------------------------
[debug] 
[debug] [2021-10-28T09:34:17.255Z] > command requires scopes: ["email","openid","https://www.googleapis.com/auth/cloudplatformprojects.readonly","https://www.googleapis.com/auth/firebase","https://www.googleapis.com/auth/cloud-platform"]
[debug] [2021-10-28T09:34:17.256Z] > authorizing via signed-in user (rahulbd321@gmail.com)
[info] 
     ######## #### ########  ######## ########     ###     ######  ########
     ##        ##  ##     ## ##       ##     ##  ##   ##  ##       ##
     ######    ##  ########  ######   ########  #########  ######  ######
     ##        ##  ##    ##  ##       ##     ## ##     ##       ## ##
     ##       #### ##     ## ######## ########  ##     ##  ######  ########

You're about to initialize a Firebase project in this directory:

  E:\projects\Genius-Car-Mechanics-Client

Before we get started, keep in mind:

  * You are initializing within an existing Firebase project directory

